19:33:18,752 uvicorn.error INFO Started server process [34]
19:33:18,754 uvicorn.error INFO Waiting for application startup.
19:33:18,755 uvicorn.error INFO Application startup complete.
19:33:22,744 core.main WARNING rid=WPPJ3G start request path=/api/v1/docs
19:33:22,748 core.main WARNING rid=WPPJ3G completed_in=2.11ms status_code=200
19:33:22,866 core.main WARNING rid=FSMR5V start request path=/api/v1//openapi.json
19:33:22,887 core.main WARNING rid=FSMR5V completed_in=19.41ms status_code=200
19:33:37,915 core.main WARNING rid=6KJJGW start request path=/api/v1/users/activate/sadf
19:33:37,953 core.main WARNING rid=6KJJGW completed_in=33.73ms status_code=400
19:34:03,809 uvicorn.error INFO Shutting down
19:34:03,913 uvicorn.error INFO Waiting for application shutdown.
19:34:03,916 uvicorn.error INFO Application shutdown complete.
19:34:03,918 uvicorn.error INFO Finished server process [34]
19:34:04,636 uvicorn.error INFO Started server process [39]
19:34:04,637 uvicorn.error INFO Waiting for application startup.
19:34:04,638 uvicorn.error INFO Application startup complete.
19:34:06,109 core.main WARNING rid=Q4RN9C start request path=/api/v1/docs
19:34:06,113 core.main WARNING rid=Q4RN9C completed_in=0.94ms status_code=200
19:34:06,231 core.main WARNING rid=Y1M4K1 start request path=/api/v1//openapi.json
19:34:06,244 core.main WARNING rid=Y1M4K1 completed_in=12.32ms status_code=200
19:34:17,814 uvicorn.error INFO Shutting down
19:34:17,921 uvicorn.error INFO Waiting for application shutdown.
19:34:17,924 uvicorn.error INFO Application shutdown complete.
19:34:17,928 uvicorn.error INFO Finished server process [39]
19:34:18,372 uvicorn.error INFO Started server process [40]
19:34:18,374 uvicorn.error INFO Waiting for application startup.
19:34:18,375 uvicorn.error INFO Application startup complete.
19:34:37,792 uvicorn.error INFO Shutting down
19:34:37,896 uvicorn.error INFO Waiting for application shutdown.
19:34:37,903 uvicorn.error INFO Application shutdown complete.
19:34:37,905 uvicorn.error INFO Finished server process [40]
19:34:38,350 uvicorn.error INFO Started server process [41]
19:34:38,352 uvicorn.error INFO Waiting for application startup.
19:34:38,353 uvicorn.error INFO Application startup complete.
19:34:53,794 uvicorn.error INFO Shutting down
19:34:53,902 uvicorn.error INFO Waiting for application shutdown.
19:34:53,904 uvicorn.error INFO Application shutdown complete.
19:34:53,906 uvicorn.error INFO Finished server process [41]
